# JRE version: OpenJDK Runtime Environment Temurin-17.0.11+9 (17.0.11+9) (build 17.0.11+9)
# Java VM: OpenJDK 64-Bit Server VM Temurin-17.0.11+9 (17.0.11+9, mixed mode, tiered, compressed oops, compressed class ptrs, parallel gc, windows-amd64)
GC Precious Log:
 CPUs: 16 total, 16 available
 Memory: 15775M
 Large Page Support: Disabled
 NUMA Support: Disabled
 Compressed Oops: Enabled (32-bit)
 Alignments: Space 512K, Generation 512K, Heap 2M
 Heap Min Capacity: 100M
 Heap Initial Capacity: 100M
 Heap Max Capacity: 1G
 Pre-touch: Disabled
 Parallel Workers: 13
Heap:
 PSYoungGen      total 6144K, used 5120K [0x00000000eab00000, 0x00000000eb380000, 0x0000000100000000)
  eden space 3584K, 100% used [0x00000000eab00000,0x00000000eae80000,0x00000000eae80000)
  from space 2560K, 60% used [0x00000000eb100000,0x00000000eb280000,0x00000000eb380000)
  to   space 2560K, 1% used [0x00000000eae80000,0x00000000eae88000,0x00000000eb100000)
 ParOldGen       total 124416K, used 116664K [0x00000000c0000000, 0x00000000c7980000, 0x00000000eab00000)
  object space 124416K, 93% used [0x00000000c0000000,0x00000000c71ee118,0x00000000c7980000)
 Metaspace       used 93593K, committed 94848K, reserved 1179648K
  class space    used 9683K, committed 10240K, reserved 1048576K
GC Heap History (20 events):
Event: 2381.674 GC heap before
{Heap before GC invocations=2258 (full 35):
 PSYoungGen      total 4608K, used 4224K [0x00000000eab00000, 0x00000000eb500000, 0x0000000100000000)
  eden space 3584K, 100% used [0x00000000eab00000,0x00000000eae80000,0x00000000eae80000)
  from space 1024K, 62% used [0x00000000eb400000,0x00000000eb4a0000,0x00000000eb500000)
  to   space 1024K, 0% used [0x00000000eb300000,0x00000000eb300000,0x00000000eb400000)
 ParOldGen       total 124416K, used 102933K [0x00000000c0000000, 0x00000000c7980000, 0x00000000eab00000)
  object space 124416K, 82% used [0x00000000c0000000,0x00000000c6485448,0x00000000c7980000)
 Metaspace       used 93064K, committed 94336K, reserved 1179648K
  class space    used 9600K, committed 10176K, reserved 1048576K
}
Event: 2381.675 GC heap after
{Heap after GC invocations=2258 (full 35):
 PSYoungGen      total 4608K, used 704K [0x00000000eab00000, 0x00000000eb480000, 0x0000000100000000)
  eden space 3584K, 0% used [0x00000000eab00000,0x00000000eab00000,0x00000000eae80000)
  from space 1024K, 68% used [0x00000000eb300000,0x00000000eb3b0020,0x00000000eb400000)
  to   space 512K, 0% used [0x00000000eb400000,0x00000000eb400000,0x00000000eb480000)
 ParOldGen       total 124416K, used 102997K [0x00000000c0000000, 0x00000000c7980000, 0x00000000eab00000)
  object space 124416K, 82% used [0x00000000c0000000,0x00000000c6495448,0x00000000c7980000)
 Metaspace       used 93064K, committed 94336K, reserved 1179648K
  class space    used 9600K, committed 10176K, reserved 1048576K
}
Event: 2381.931 GC heap before
{Heap before GC invocations=2259 (full 35):
 PSYoungGen      total 4608K, used 4288K [0x00000000eab00000, 0x00000000eb480000, 0x0000000100000000)
  eden space 3584K, 100% used [0x00000000eab00000,0x00000000eae80000,0x00000000eae80000)
  from space 1024K, 68% used [0x00000000eb300000,0x00000000eb3b0020,0x00000000eb400000)
  to   space 512K, 0% used [0x00000000eb400000,0x00000000eb400000,0x00000000eb480000)
 ParOldGen       total 124416K, used 102997K [0x00000000c0000000, 0x00000000c7980000, 0x00000000eab00000)
  object space 124416K, 82% used [0x00000000c0000000,0x00000000c6495448,0x00000000c7980000)
 Metaspace       used 93064K, committed 94336K, reserved 1179648K
  class space    used 9600K, committed 10176K, reserved 1048576K
}
Event: 2381.931 GC heap after
{Heap after GC invocations=2259 (full 35):
 PSYoungGen      total 4096K, used 480K [0x00000000eab00000, 0x00000000eb480000, 0x0000000100000000)
  eden space 3584K, 0% used [0x00000000eab00000,0x00000000eab00000,0x00000000eae80000)
  from space 512K, 93% used [0x00000000eb400000,0x00000000eb478020,0x00000000eb480000)
  to   space 1024K, 0% used [0x00000000eb280000,0x00000000eb280000,0x00000000eb380000)
 ParOldGen       total 124416K, used 103413K [0x00000000c0000000, 0x00000000c7980000, 0x00000000eab00000)
  object space 124416K, 83% used [0x00000000c0000000,0x00000000c64fd468,0x00000000c7980000)
 Metaspace       used 93064K, committed 94336K, reserved 1179648K
  class space    used 9600K, committed 10176K, reserved 1048576K
}
Event: 2406.736 GC heap before
{Heap before GC invocations=2260 (full 35):
 PSYoungGen      total 4096K, used 4064K [0x00000000eab00000, 0x00000000eb480000, 0x0000000100000000)
  eden space 3584K, 100% used [0x00000000eab00000,0x00000000eae80000,0x00000000eae80000)
  from space 512K, 93% used [0x00000000eb400000,0x00000000eb478020,0x00000000eb480000)
  to   space 1024K, 0% used [0x00000000eb280000,0x00000000eb280000,0x00000000eb380000)
 ParOldGen       total 124416K, used 103413K [0x00000000c0000000, 0x00000000c7980000, 0x00000000eab00000)
  object space 124416K, 83% used [0x00000000c0000000,0x00000000c64fd468,0x00000000c7980000)
 Metaspace       used 93069K, committed 94336K, reserved 1179648K
  class space    used 9600K, committed 10176K, reserved 1048576K
}
Event: 2406.737 GC heap after
{Heap after GC invocations=2260 (full 35):
 PSYoungGen      total 4608K, used 864K [0x00000000eab00000, 0x00000000eb480000, 0x0000000100000000)
  eden space 3584K, 0% used [0x00000000eab00000,0x00000000eab00000,0x00000000eae80000)
  from space 1024K, 84% used [0x00000000eb280000,0x00000000eb358020,0x00000000eb380000)
  to   space 1024K, 0% used [0x00000000eb380000,0x00000000eb380000,0x00000000eb480000)
 ParOldGen       total 124416K, used 103786K [0x00000000c0000000, 0x00000000c7980000, 0x00000000eab00000)
  object space 124416K, 83% used [0x00000000c0000000,0x00000000c655a908,0x00000000c7980000)
 Metaspace       used 93069K, committed 94336K, reserved 1179648K
  class space    used 9600K, committed 10176K, reserved 1048576K
}
Event: 2406.992 GC heap before
{Heap before GC invocations=2261 (full 35):
 PSYoungGen      total 4608K, used 4448K [0x00000000eab00000, 0x00000000eb480000, 0x0000000100000000)
  eden space 3584K, 99% used [0x00000000eab00000,0x00000000eae7fff0,0x00000000eae80000)
  from space 1024K, 84% used [0x00000000eb280000,0x00000000eb358020,0x00000000eb380000)
  to   space 1024K, 0% used [0x00000000eb380000,0x00000000eb380000,0x00000000eb480000)
 ParOldGen       total 124416K, used 103786K [0x00000000c0000000, 0x00000000c7980000, 0x00000000eab00000)
  object space 124416K, 83% used [0x00000000c0000000,0x00000000c655a908,0x00000000c7980000)
 Metaspace       used 93103K, committed 94400K, reserved 1179648K
  class space    used 9605K, committed 10176K, reserved 1048576K
}
Event: 2406.993 GC heap after
{Heap after GC invocations=2261 (full 35):
 PSYoungGen      total 4608K, used 995K [0x00000000eab00000, 0x00000000eb480000, 0x0000000100000000)
  eden space 3584K, 0% used [0x00000000eab00000,0x00000000eab00000,0x00000000eae80000)
  from space 1024K, 97% used [0x00000000eb380000,0x00000000eb478cf8,0x00000000eb480000)
  to   space 1536K, 0% used [0x00000000eb180000,0x00000000eb180000,0x00000000eb300000)
 ParOldGen       total 124416K, used 104050K [0x00000000c0000000, 0x00000000c7980000, 0x00000000eab00000)
  object space 124416K, 83% used [0x00000000c0000000,0x00000000c659c908,0x00000000c7980000)
 Metaspace       used 93103K, committed 94400K, reserved 1179648K
  class space    used 9605K, committed 10176K, reserved 1048576K
}
Event: 2407.038 GC heap before
{Heap before GC invocations=2262 (full 35):
 PSYoungGen      total 4608K, used 4579K [0x00000000eab00000, 0x00000000eb480000, 0x0000000100000000)
  eden space 3584K, 100% used [0x00000000eab00000,0x00000000eae80000,0x00000000eae80000)
  from space 1024K, 97% used [0x00000000eb380000,0x00000000eb478cf8,0x00000000eb480000)
  to   space 1536K, 0% used [0x00000000eb180000,0x00000000eb180000,0x00000000eb300000)
 ParOldGen       total 124416K, used 104050K [0x00000000c0000000, 0x00000000c7980000, 0x00000000eab00000)
  object space 124416K, 83% used [0x00000000c0000000,0x00000000c659c908,0x00000000c7980000)
 Metaspace       used 93171K, committed 94464K, reserved 1179648K
  class space    used 9615K, committed 10176K, reserved 1048576K
}
Event: 2407.040 GC heap after
{Heap after GC invocations=2262 (full 35):
 PSYoungGen      total 5120K, used 1304K [0x00000000eab00000, 0x00000000eb400000, 0x0000000100000000)
  eden space 3584K, 0% used [0x00000000eab00000,0x00000000eab00000,0x00000000eae80000)
  from space 1536K, 84% used [0x00000000eb180000,0x00000000eb2c6118,0x00000000eb300000)
  to   space 1024K, 0% used [0x00000000eb300000,0x00000000eb300000,0x00000000eb400000)
 ParOldGen       total 124416K, used 104942K [0x00000000c0000000, 0x00000000c7980000, 0x00000000eab00000)
  object space 124416K, 84% used [0x00000000c0000000,0x00000000c667baa8,0x00000000c7980000)
 Metaspace       used 93171K, committed 94464K, reserved 1179648K
  class space    used 9615K, committed 10176K, reserved 1048576K
}
Event: 2407.096 GC heap before
{Heap before GC invocations=2263 (full 35):
 PSYoungGen      total 5120K, used 4871K [0x00000000eab00000, 0x00000000eb400000, 0x0000000100000000)
  eden space 3584K, 99% used [0x00000000eab00000,0x00000000eae7bcb0,0x00000000eae80000)
  from space 1536K, 84% used [0x00000000eb180000,0x00000000eb2c6118,0x00000000eb300000)
  to   space 1024K, 0% used [0x00000000eb300000,0x00000000eb300000,0x00000000eb400000)
 ParOldGen       total 124416K, used 104942K [0x00000000c0000000, 0x00000000c7980000, 0x00000000eab00000)
  object space 124416K, 84% used [0x00000000c0000000,0x00000000c667baa8,0x00000000c7980000)
 Metaspace       used 93299K, committed 94528K, reserved 1179648K
  class space    used 9625K, committed 10176K, reserved 1048576K
}
Event: 2407.098 GC heap after
{Heap after GC invocations=2263 (full 35):
 PSYoungGen      total 4608K, used 1010K [0x00000000eab00000, 0x00000000eb480000, 0x0000000100000000)
  eden space 3584K, 0% used [0x00000000eab00000,0x00000000eab00000,0x00000000eae80000)
  from space 1024K, 98% used [0x00000000eb300000,0x00000000eb3fc8a0,0x00000000eb400000)
  to   space 3072K, 0% used [0x00000000eae80000,0x00000000eae80000,0x00000000eb180000)
 ParOldGen       total 124416K, used 106487K [0x00000000c0000000, 0x00000000c7980000, 0x00000000eab00000)
  object space 124416K, 85% used [0x00000000c0000000,0x00000000c67fdee0,0x00000000c7980000)
 Metaspace       used 93299K, committed 94528K, reserved 1179648K
  class space    used 9625K, committed 10176K, reserved 1048576K
}
Event: 2407.128 GC heap before
{Heap before GC invocations=2264 (full 35):
 PSYoungGen      total 4608K, used 4594K [0x00000000eab00000, 0x00000000eb480000, 0x0000000100000000)
  eden space 3584K, 100% used [0x00000000eab00000,0x00000000eae80000,0x00000000eae80000)
  from space 1024K, 98% used [0x00000000eb300000,0x00000000eb3fc8a0,0x00000000eb400000)
  to   space 3072K, 0% used [0x00000000eae80000,0x00000000eae80000,0x00000000eb180000)
 ParOldGen       total 124416K, used 106487K [0x00000000c0000000, 0x00000000c7980000, 0x00000000eab00000)
  object space 124416K, 85% used [0x00000000c0000000,0x00000000c67fdee0,0x00000000c7980000)
 Metaspace       used 93467K, committed 94720K, reserved 1179648K
  class space    used 9657K, committed 10240K, reserved 1048576K
}
Event: 2407.130 GC heap after
{Heap after GC invocations=2264 (full 35):
 PSYoungGen      total 6144K, used 2183K [0x00000000eab00000, 0x00000000eb380000, 0x0000000100000000)
  eden space 3584K, 0% used [0x00000000eab00000,0x00000000eab00000,0x00000000eae80000)
  from space 2560K, 85% used [0x00000000eae80000,0x00000000eb0a1f48,0x00000000eb100000)
  to   space 2560K, 0% used [0x00000000eb100000,0x00000000eb100000,0x00000000eb380000)
 ParOldGen       total 124416K, used 107507K [0x00000000c0000000, 0x00000000c7980000, 0x00000000eab00000)
  object space 124416K, 86% used [0x00000000c0000000,0x00000000c68fcc88,0x00000000c7980000)
 Metaspace       used 93467K, committed 94720K, reserved 1179648K
  class space    used 9657K, committed 10240K, reserved 1048576K
}
Event: 2407.145 GC heap before
{Heap before GC invocations=2265 (full 35):
 PSYoungGen      total 6144K, used 5767K [0x00000000eab00000, 0x00000000eb380000, 0x0000000100000000)
  eden space 3584K, 100% used [0x00000000eab00000,0x00000000eae80000,0x00000000eae80000)
  from space 2560K, 85% used [0x00000000eae80000,0x00000000eb0a1f48,0x00000000eb100000)
  to   space 2560K, 0% used [0x00000000eb100000,0x00000000eb100000,0x00000000eb380000)
 ParOldGen       total 124416K, used 107507K [0x00000000c0000000, 0x00000000c7980000, 0x00000000eab00000)
  object space 124416K, 86% used [0x00000000c0000000,0x00000000c68fcc88,0x00000000c7980000)
 Metaspace       used 93480K, committed 94720K, reserved 1179648K
  class space    used 9662K, committed 10240K, reserved 1048576K
}
Event: 2407.146 GC heap after
{Heap after GC invocations=2265 (full 35):
 PSYoungGen      total 6144K, used 2555K [0x00000000eab00000, 0x00000000eb380000, 0x0000000100000000)
  eden space 3584K, 0% used [0x00000000eab00000,0x00000000eab00000,0x00000000eae80000)
  from space 2560K, 99% used [0x00000000eb100000,0x00000000eb37ecb8,0x00000000eb380000)
  to   space 2560K, 0% used [0x00000000eae80000,0x00000000eae80000,0x00000000eb100000)
 ParOldGen       total 124416K, used 110403K [0x00000000c0000000, 0x00000000c7980000, 0x00000000eab00000)
  object space 124416K, 88% used [0x00000000c0000000,0x00000000c6bd0c88,0x00000000c7980000)
 Metaspace       used 93480K, committed 94720K, reserved 1179648K
  class space    used 9662K, committed 10240K, reserved 1048576K
}
Event: 2407.156 GC heap before
{Heap before GC invocations=2266 (full 35):
 PSYoungGen      total 6144K, used 6139K [0x00000000eab00000, 0x00000000eb380000, 0x0000000100000000)
  eden space 3584K, 100% used [0x00000000eab00000,0x00000000eae80000,0x00000000eae80000)
  from space 2560K, 99% used [0x00000000eb100000,0x00000000eb37ecb8,0x00000000eb380000)
  to   space 2560K, 0% used [0x00000000eae80000,0x00000000eae80000,0x00000000eb100000)
 ParOldGen       total 124416K, used 110403K [0x00000000c0000000, 0x00000000c7980000, 0x00000000eab00000)
  object space 124416K, 88% used [0x00000000c0000000,0x00000000c6bd0c88,0x00000000c7980000)
 Metaspace       used 93480K, committed 94720K, reserved 1179648K
  class space    used 9662K, committed 10240K, reserved 1048576K
}
Event: 2407.158 GC heap after
{Heap after GC invocations=2266 (full 35):
 PSYoungGen      total 6144K, used 2560K [0x00000000eab00000, 0x00000000eb380000, 0x0000000100000000)
  eden space 3584K, 0% used [0x00000000eab00000,0x00000000eab00000,0x00000000eae80000)
  from space 2560K, 100% used [0x00000000eae80000,0x00000000eb100000,0x00000000eb100000)
  to   space 2560K, 0% used [0x00000000eb100000,0x00000000eb100000,0x00000000eb380000)
 ParOldGen       total 124416K, used 114016K [0x00000000c0000000, 0x00000000c7980000, 0x00000000eab00000)
  object space 124416K, 91% used [0x00000000c0000000,0x00000000c6f58118,0x00000000c7980000)
 Metaspace       used 93480K, committed 94720K, reserved 1179648K
  class space    used 9662K, committed 10240K, reserved 1048576K
}
Event: 2407.180 GC heap before
{Heap before GC invocations=2267 (full 35):
 PSYoungGen      total 6144K, used 6144K [0x00000000eab00000, 0x00000000eb380000, 0x0000000100000000)
  eden space 3584K, 100% used [0x00000000eab00000,0x00000000eae80000,0x00000000eae80000)
  from space 2560K, 100% used [0x00000000eae80000,0x00000000eb100000,0x00000000eb100000)
  to   space 2560K, 0% used [0x00000000eb100000,0x00000000eb100000,0x00000000eb380000)
 ParOldGen       total 124416K, used 114016K [0x00000000c0000000, 0x00000000c7980000, 0x00000000eab00000)
  object space 124416K, 91% used [0x00000000c0000000,0x00000000c6f58118,0x00000000c7980000)
 Metaspace       used 93508K, committed 94784K, reserved 1179648K
  class space    used 9668K, committed 10240K, reserved 1048576K
}
Event: 2407.183 GC heap after
{Heap after GC invocations=2267 (full 35):
 PSYoungGen      total 6144K, used 1536K [0x00000000eab00000, 0x00000000eb380000, 0x0000000100000000)
  eden space 3584K, 0% used [0x00000000eab00000,0x00000000eab00000,0x00000000eae80000)
  from space 2560K, 60% used [0x00000000eb100000,0x00000000eb280000,0x00000000eb380000)
  to   space 2560K, 0% used [0x00000000eae80000,0x00000000eae80000,0x00000000eb100000)
 ParOldGen       total 124416K, used 116656K [0x00000000c0000000, 0x00000000c7980000, 0x00000000eab00000)
  object space 124416K, 93% used [0x00000000c0000000,0x00000000c71ec118,0x00000000c7980000)
 Metaspace       used 93508K, committed 94784K, reserved 1179648K
  class space    used 9668K, committed 10240K, reserved 1048576K
}

